  Source.cpp
D:\progs\c++\TP\TP\Source.cpp(33,12): warning C4244: аргумент: преобразование "time_t" в "unsigned int", возможна потеря данных
D:\progs\c++\TP\TP\Source.cpp(34,40): warning C4838: Преобразование из "int" в "unsigned int" требует сужающего преобразования.
D:\progs\c++\TP\TP\Source.cpp(50,29): warning C4244: аргумент: преобразование "unsigned int" в "T", возможна потеря данных
          with
          [
              T=float
          ]
D:\progs\c++\TP\TP\Source.cpp(54,73): warning C4305: аргумент: усечение из "double" в "T"
          with
          [
              T=float
          ]
D:\progs\c++\TP\TP\Source.cpp(59,76): warning C4305: аргумент: усечение из "double" в "T"
          with
          [
              T=float
          ]
D:\progs\c++\TP\TP\Source.cpp(76,16): warning C4244: =: преобразование "double" в "unsigned char", возможна потеря данных
D:\progs\c++\TP\TP\Source.cpp(105,65): warning C4244: аргумент: преобразование "T" в "T", возможна потеря данных
          with
          [
              T=unsigned int
          ]
          and
          [
              T=float
          ]
D:\progs\c++\TP\TP\Source.cpp(105,44): warning C4244: аргумент: преобразование "T" в "T", возможна потеря данных
          with
          [
              T=unsigned int
          ]
          and
          [
              T=float
          ]
D:\progs\c++\TP\TP\Source.cpp(126,84): warning C4018: <=: несоответствие типов со знаком и без знака
D:\progs\c++\TP\TP\Source.cpp(126,208): warning C4018: <=: несоответствие типов со знаком и без знака
D:\progs\c++\TP\TP\Source.cpp(165,21): warning C4244: =: преобразование "double" в "unsigned char", возможна потеря данных
D:\progs\c++\TP\TP\Source.cpp(168,82): warning C4244: аргумент: преобразование "unsigned int" в "T", возможна потеря данных
          with
          [
              T=float
          ]
D:\progs\c++\TP\TP\Source.cpp(211,69): warning C4244: =: преобразование "T" в "unsigned int", возможна потеря данных
          with
          [
              T=float
          ]
D:\progs\c++\TP\TP\Source.cpp(218,60): warning C4244: аргумент: преобразование "T" в "T", возможна потеря данных
          with
          [
              T=int
          ]
          and
          [
              T=float
          ]
D:\progs\c++\TP\TP\Source.cpp(219,22): warning C4244: =: преобразование "double" в "unsigned char", возможна потеря данных
D:\progs\c++\TP\TP\Source.cpp(224,69): warning C4244: =: преобразование "T" в "unsigned int", возможна потеря данных
          with
          [
              T=float
          ]
D:\progs\c++\TP\TP\Source.cpp(297,84): warning C4018: <=: несоответствие типов со знаком и без знака
D:\progs\c++\TP\TP\Source.cpp(304,104): warning C4018: <=: несоответствие типов со знаком и без знака
D:\progs\c++\TP\TP\Source.cpp(276,9): warning C4101: Handle: неиспользованная локальная переменная
D:\progs\c++\TP\TP\Source.cpp(383,41): warning C4244: =: преобразование "double" в "unsigned int", возможна потеря данных
D:\progs\c++\TP\TP\Source.cpp(389,17): warning C4244: =: преобразование "float" в "unsigned int", возможна потеря данных
D:\progs\c++\TP\TP\Source.cpp(391,42): warning C4244: =: преобразование "double" в "unsigned int", возможна потеря данных
D:\progs\c++\TP\TP\Source.cpp(397,17): warning C4244: =: преобразование "float" в "unsigned int", возможна потеря данных
  Создание кода
  0 of 101 functions ( 0.0%) were compiled, the rest were copied from previous compilation.
    0 functions were new in current compilation
    0 functions had inline decision re-evaluated but remain unchanged
  Создание кода завершено
  TP.vcxproj -> D:\progs\c++\TP\TP\x64\Release\TP.exe
